Performing C SOURCE FILE Test HAVE_GCC_WDOCUMENTATION failed with the following output:
Change Dir: /root/MetallC64/assets/SDL3/build/CMakeFiles/CMakeScratch/TryCompile-vhUC97

Run Build Command(s):/usr/bin/gmake -f Makefile cmTC_8d735/fast && gmake[1]: Entering directory '/root/MetallC64/assets/SDL3/build/CMakeFiles/CMakeScratch/TryCompile-vhUC97'
/usr/bin/gmake  -f CMakeFiles/cmTC_8d735.dir/build.make CMakeFiles/cmTC_8d735.dir/build
gmake[2]: Entering directory '/root/MetallC64/assets/SDL3/build/CMakeFiles/CMakeScratch/TryCompile-vhUC97'
Building C object CMakeFiles/cmTC_8d735.dir/src.c.o
/usr/bin/cc -DHAVE_GCC_WDOCUMENTATION  -D_GNU_SOURCE=1   -Wdocumentation -o CMakeFiles/cmTC_8d735.dir/src.c.o -c /root/MetallC64/assets/SDL3/build/CMakeFiles/CMakeScratch/TryCompile-vhUC97/src.c
cc: error: unrecognized command-line option '-Wdocumentation'
gmake[2]: *** [CMakeFiles/cmTC_8d735.dir/build.make:78: CMakeFiles/cmTC_8d735.dir/src.c.o] Error 1
gmake[2]: Leaving directory '/root/MetallC64/assets/SDL3/build/CMakeFiles/CMakeScratch/TryCompile-vhUC97'
gmake[1]: *** [Makefile:127: cmTC_8d735/fast] Error 2
gmake[1]: Leaving directory '/root/MetallC64/assets/SDL3/build/CMakeFiles/CMakeScratch/TryCompile-vhUC97'


Source file was:
int main(void) { return 0; }

Performing C SOURCE FILE Test HAVE_GCC_WDOCUMENTATION_UNKNOWN_COMMAND failed with the following output:
Change Dir: /root/MetallC64/assets/SDL3/build/CMakeFiles/CMakeScratch/TryCompile-OJ6h8o

Run Build Command(s):/usr/bin/gmake -f Makefile cmTC_c2513/fast && gmake[1]: Entering directory '/root/MetallC64/assets/SDL3/build/CMakeFiles/CMakeScratch/TryCompile-OJ6h8o'
/usr/bin/gmake  -f CMakeFiles/cmTC_c2513.dir/build.make CMakeFiles/cmTC_c2513.dir/build
gmake[2]: Entering directory '/root/MetallC64/assets/SDL3/build/CMakeFiles/CMakeScratch/TryCompile-OJ6h8o'
Building C object CMakeFiles/cmTC_c2513.dir/src.c.o
/usr/bin/cc -DHAVE_GCC_WDOCUMENTATION_UNKNOWN_COMMAND  -D_GNU_SOURCE=1   -Wdocumentation-unknown-command -o CMakeFiles/cmTC_c2513.dir/src.c.o -c /root/MetallC64/assets/SDL3/build/CMakeFiles/CMakeScratch/TryCompile-OJ6h8o/src.c
cc: error: unrecognized command-line option '-Wdocumentation-unknown-command'
gmake[2]: *** [CMakeFiles/cmTC_c2513.dir/build.make:78: CMakeFiles/cmTC_c2513.dir/src.c.o] Error 1
gmake[2]: Leaving directory '/root/MetallC64/assets/SDL3/build/CMakeFiles/CMakeScratch/TryCompile-OJ6h8o'
gmake[1]: *** [Makefile:127: cmTC_c2513/fast] Error 2
gmake[1]: Leaving directory '/root/MetallC64/assets/SDL3/build/CMakeFiles/CMakeScratch/TryCompile-OJ6h8o'


Source file was:
int main(void) { return 0; }

Performing C SOURCE FILE Test HAVE_GCC_COMMENT_BLOCK_COMMANDS failed with the following output:
Change Dir: /root/MetallC64/assets/SDL3/build/CMakeFiles/CMakeScratch/TryCompile-8Smx9R

Run Build Command(s):/usr/bin/gmake -f Makefile cmTC_8ec52/fast && gmake[1]: Entering directory '/root/MetallC64/assets/SDL3/build/CMakeFiles/CMakeScratch/TryCompile-8Smx9R'
/usr/bin/gmake  -f CMakeFiles/cmTC_8ec52.dir/build.make CMakeFiles/cmTC_8ec52.dir/build
gmake[2]: Entering directory '/root/MetallC64/assets/SDL3/build/CMakeFiles/CMakeScratch/TryCompile-8Smx9R'
Building C object CMakeFiles/cmTC_8ec52.dir/src.c.o
/usr/bin/cc -DHAVE_GCC_COMMENT_BLOCK_COMMANDS  -D_GNU_SOURCE=1   -fcomment-block-commands=threadsafety -o CMakeFiles/cmTC_8ec52.dir/src.c.o -c /root/MetallC64/assets/SDL3/build/CMakeFiles/CMakeScratch/TryCompile-8Smx9R/src.c
cc: error: unrecognized command-line option '-fcomment-block-commands=threadsafety'
gmake[2]: *** [CMakeFiles/cmTC_8ec52.dir/build.make:78: CMakeFiles/cmTC_8ec52.dir/src.c.o] Error 1
gmake[2]: Leaving directory '/root/MetallC64/assets/SDL3/build/CMakeFiles/CMakeScratch/TryCompile-8Smx9R'
gmake[1]: *** [Makefile:127: cmTC_8ec52/fast] Error 2
gmake[1]: Leaving directory '/root/MetallC64/assets/SDL3/build/CMakeFiles/CMakeScratch/TryCompile-8Smx9R'


Source file was:
int main(void) { return 0; }

Performing C SOURCE FILE Test HAVE_CLANG_COMMENT_BLOCK_COMMANDS failed with the following output:
Change Dir: /root/MetallC64/assets/SDL3/build/CMakeFiles/CMakeScratch/TryCompile-HINBMv

Run Build Command(s):/usr/bin/gmake -f Makefile cmTC_8909e/fast && gmake[1]: Entering directory '/root/MetallC64/assets/SDL3/build/CMakeFiles/CMakeScratch/TryCompile-HINBMv'
/usr/bin/gmake  -f CMakeFiles/cmTC_8909e.dir/build.make CMakeFiles/cmTC_8909e.dir/build
gmake[2]: Entering directory '/root/MetallC64/assets/SDL3/build/CMakeFiles/CMakeScratch/TryCompile-HINBMv'
Building C object CMakeFiles/cmTC_8909e.dir/src.c.o
/usr/bin/cc -DHAVE_CLANG_COMMENT_BLOCK_COMMANDS  -D_GNU_SOURCE=1   /clang:-fcomment-block-commands=threadsafety -o CMakeFiles/cmTC_8909e.dir/src.c.o -c /root/MetallC64/assets/SDL3/build/CMakeFiles/CMakeScratch/TryCompile-HINBMv/src.c
cc: warning: /clang:-fcomment-block-commands=threadsafety: linker input file unused because linking not done
cc: error: /clang:-fcomment-block-commands=threadsafety: linker input file not found: No such file or directory
gmake[2]: *** [CMakeFiles/cmTC_8909e.dir/build.make:78: CMakeFiles/cmTC_8909e.dir/src.c.o] Error 1
gmake[2]: *** Deleting file 'CMakeFiles/cmTC_8909e.dir/src.c.o'
gmake[2]: Leaving directory '/root/MetallC64/assets/SDL3/build/CMakeFiles/CMakeScratch/TryCompile-HINBMv'
gmake[1]: *** [Makefile:127: cmTC_8909e/fast] Error 2
gmake[1]: Leaving directory '/root/MetallC64/assets/SDL3/build/CMakeFiles/CMakeScratch/TryCompile-HINBMv'


Source file was:
int main(void) { return 0; }

Determining if the _i64toa exist failed with the following output:
Change Dir: /root/MetallC64/assets/SDL3/build/CMakeFiles/CMakeScratch/TryCompile-5ehLsT

Run Build Command(s):/usr/bin/gmake -f Makefile cmTC_b0177/fast && gmake[1]: Entering directory '/root/MetallC64/assets/SDL3/build/CMakeFiles/CMakeScratch/TryCompile-5ehLsT'
/usr/bin/gmake  -f CMakeFiles/cmTC_b0177.dir/build.make CMakeFiles/cmTC_b0177.dir/build
gmake[2]: Entering directory '/root/MetallC64/assets/SDL3/build/CMakeFiles/CMakeScratch/TryCompile-5ehLsT'
Building C object CMakeFiles/cmTC_b0177.dir/CheckSymbolExists.c.o
/usr/bin/cc   -D_GNU_SOURCE=1 -o CMakeFiles/cmTC_b0177.dir/CheckSymbolExists.c.o -c /root/MetallC64/assets/SDL3/build/CMakeFiles/CMakeScratch/TryCompile-5ehLsT/CheckSymbolExists.c
/root/MetallC64/assets/SDL3/build/CMakeFiles/CMakeScratch/TryCompile-5ehLsT/CheckSymbolExists.c: In function ‘main’:
/root/MetallC64/assets/SDL3/build/CMakeFiles/CMakeScratch/TryCompile-5ehLsT/CheckSymbolExists.c:26:19: error: ‘_i64toa’ undeclared (first use in this function)
   26 |   return ((int*)(&_i64toa))[argc];
      |                   ^~~~~~~
/root/MetallC64/assets/SDL3/build/CMakeFiles/CMakeScratch/TryCompile-5ehLsT/CheckSymbolExists.c:26:19: note: each undeclared identifier is reported only once for each function it appears in
gmake[2]: *** [CMakeFiles/cmTC_b0177.dir/build.make:78: CMakeFiles/cmTC_b0177.dir/CheckSymbolExists.c.o] Error 1
gmake[2]: Leaving directory '/root/MetallC64/assets/SDL3/build/CMakeFiles/CMakeScratch/TryCompile-5ehLsT'
gmake[1]: *** [Makefile:127: cmTC_b0177/fast] Error 2
gmake[1]: Leaving directory '/root/MetallC64/assets/SDL3/build/CMakeFiles/CMakeScratch/TryCompile-5ehLsT'


File CheckSymbolExists.c:
/* */
#include <float.h>
#include <iconv.h>
#include <inttypes.h>
#include <limits.h>
#include <malloc.h>
#include <math.h>
#include <memory.h>
#include <signal.h>
#include <stdarg.h>
#include <stdbool.h>
#include <stddef.h>
#include <stdint.h>
#include <stdio.h>
#include <stdlib.h>
#include <string.h>
#include <strings.h>
#include <sys/types.h>
#include <time.h>
#include <wchar.h>

int main(int argc, char** argv)
{
  (void)argv;
#ifndef _i64toa
  return ((int*)(&_i64toa))[argc];
#else
  (void)argc;
  return 0;
#endif
}
Determining if the itoa exist failed with the following output:
Change Dir: /root/MetallC64/assets/SDL3/build/CMakeFiles/CMakeScratch/TryCompile-YMfUdV

Run Build Command(s):/usr/bin/gmake -f Makefile cmTC_18a3d/fast && gmake[1]: Entering directory '/root/MetallC64/assets/SDL3/build/CMakeFiles/CMakeScratch/TryCompile-YMfUdV'
/usr/bin/gmake  -f CMakeFiles/cmTC_18a3d.dir/build.make CMakeFiles/cmTC_18a3d.dir/build
gmake[2]: Entering directory '/root/MetallC64/assets/SDL3/build/CMakeFiles/CMakeScratch/TryCompile-YMfUdV'
Building C object CMakeFiles/cmTC_18a3d.dir/CheckSymbolExists.c.o
/usr/bin/cc   -D_GNU_SOURCE=1 -o CMakeFiles/cmTC_18a3d.dir/CheckSymbolExists.c.o -c /root/MetallC64/assets/SDL3/build/CMakeFiles/CMakeScratch/TryCompile-YMfUdV/CheckSymbolExists.c
/root/MetallC64/assets/SDL3/build/CMakeFiles/CMakeScratch/TryCompile-YMfUdV/CheckSymbolExists.c: In function ‘main’:
/root/MetallC64/assets/SDL3/build/CMakeFiles/CMakeScratch/TryCompile-YMfUdV/CheckSymbolExists.c:26:19: error: ‘itoa’ undeclared (first use in this function)
   26 |   return ((int*)(&itoa))[argc];
      |                   ^~~~
/root/MetallC64/assets/SDL3/build/CMakeFiles/CMakeScratch/TryCompile-YMfUdV/CheckSymbolExists.c:26:19: note: each undeclared identifier is reported only once for each function it appears in
gmake[2]: *** [CMakeFiles/cmTC_18a3d.dir/build.make:78: CMakeFiles/cmTC_18a3d.dir/CheckSymbolExists.c.o] Error 1
gmake[2]: Leaving directory '/root/MetallC64/assets/SDL3/build/CMakeFiles/CMakeScratch/TryCompile-YMfUdV'
gmake[1]: *** [Makefile:127: cmTC_18a3d/fast] Error 2
gmake[1]: Leaving directory '/root/MetallC64/assets/SDL3/build/CMakeFiles/CMakeScratch/TryCompile-YMfUdV'


File CheckSymbolExists.c:
/* */
#include <float.h>
#include <iconv.h>
#include <inttypes.h>
#include <limits.h>
#include <malloc.h>
#include <math.h>
#include <memory.h>
#include <signal.h>
#include <stdarg.h>
#include <stdbool.h>
#include <stddef.h>
#include <stdint.h>
#include <stdio.h>
#include <stdlib.h>
#include <string.h>
#include <strings.h>
#include <sys/types.h>
#include <time.h>
#include <wchar.h>

int main(int argc, char** argv)
{
  (void)argv;
#ifndef itoa
  return ((int*)(&itoa))[argc];
#else
  (void)argc;
  return 0;
#endif
}
Determining if the _ltoa exist failed with the following output:
Change Dir: /root/MetallC64/assets/SDL3/build/CMakeFiles/CMakeScratch/TryCompile-s12Brq

Run Build Command(s):/usr/bin/gmake -f Makefile cmTC_85cf2/fast && gmake[1]: Entering directory '/root/MetallC64/assets/SDL3/build/CMakeFiles/CMakeScratch/TryCompile-s12Brq'
/usr/bin/gmake  -f CMakeFiles/cmTC_85cf2.dir/build.make CMakeFiles/cmTC_85cf2.dir/build
gmake[2]: Entering directory '/root/MetallC64/assets/SDL3/build/CMakeFiles/CMakeScratch/TryCompile-s12Brq'
Building C object CMakeFiles/cmTC_85cf2.dir/CheckSymbolExists.c.o
/usr/bin/cc   -D_GNU_SOURCE=1 -o CMakeFiles/cmTC_85cf2.dir/CheckSymbolExists.c.o -c /root/MetallC64/assets/SDL3/build/CMakeFiles/CMakeScratch/TryCompile-s12Brq/CheckSymbolExists.c
/root/MetallC64/assets/SDL3/build/CMakeFiles/CMakeScratch/TryCompile-s12Brq/CheckSymbolExists.c: In function ‘main’:
/root/MetallC64/assets/SDL3/build/CMakeFiles/CMakeScratch/TryCompile-s12Brq/CheckSymbolExists.c:26:19: error: ‘_ltoa’ undeclared (first use in this function)
   26 |   return ((int*)(&_ltoa))[argc];
      |                   ^~~~~
/root/MetallC64/assets/SDL3/build/CMakeFiles/CMakeScratch/TryCompile-s12Brq/CheckSymbolExists.c:26:19: note: each undeclared identifier is reported only once for each function it appears in
gmake[2]: *** [CMakeFiles/cmTC_85cf2.dir/build.make:78: CMakeFiles/cmTC_85cf2.dir/CheckSymbolExists.c.o] Error 1
gmake[2]: Leaving directory '/root/MetallC64/assets/SDL3/build/CMakeFiles/CMakeScratch/TryCompile-s12Brq'
gmake[1]: *** [Makefile:127: cmTC_85cf2/fast] Error 2
gmake[1]: Leaving directory '/root/MetallC64/assets/SDL3/build/CMakeFiles/CMakeScratch/TryCompile-s12Brq'


File CheckSymbolExists.c:
/* */
#include <float.h>
#include <iconv.h>
#include <inttypes.h>
#include <limits.h>
#include <malloc.h>
#include <math.h>
#include <memory.h>
#include <signal.h>
#include <stdarg.h>
#include <stdbool.h>
#include <stddef.h>
#include <stdint.h>
#include <stdio.h>
#include <stdlib.h>
#include <string.h>
#include <strings.h>
#include <sys/types.h>
#include <time.h>
#include <wchar.h>

int main(int argc, char** argv)
{
  (void)argv;
#ifndef _ltoa
  return ((int*)(&_ltoa))[argc];
#else
  (void)argc;
  return 0;
#endif
}
Determining if the sqr exist failed with the following output:
Change Dir: /root/MetallC64/assets/SDL3/build/CMakeFiles/CMakeScratch/TryCompile-LaRYLi

Run Build Command(s):/usr/bin/gmake -f Makefile cmTC_a3fd0/fast && gmake[1]: Entering directory '/root/MetallC64/assets/SDL3/build/CMakeFiles/CMakeScratch/TryCompile-LaRYLi'
/usr/bin/gmake  -f CMakeFiles/cmTC_a3fd0.dir/build.make CMakeFiles/cmTC_a3fd0.dir/build
gmake[2]: Entering directory '/root/MetallC64/assets/SDL3/build/CMakeFiles/CMakeScratch/TryCompile-LaRYLi'
Building C object CMakeFiles/cmTC_a3fd0.dir/CheckSymbolExists.c.o
/usr/bin/cc   -D_GNU_SOURCE=1 -o CMakeFiles/cmTC_a3fd0.dir/CheckSymbolExists.c.o -c /root/MetallC64/assets/SDL3/build/CMakeFiles/CMakeScratch/TryCompile-LaRYLi/CheckSymbolExists.c
/root/MetallC64/assets/SDL3/build/CMakeFiles/CMakeScratch/TryCompile-LaRYLi/CheckSymbolExists.c: In function ‘main’:
/root/MetallC64/assets/SDL3/build/CMakeFiles/CMakeScratch/TryCompile-LaRYLi/CheckSymbolExists.c:26:19: error: ‘sqr’ undeclared (first use in this function); did you mean ‘sqrt’?
   26 |   return ((int*)(&sqr))[argc];
      |                   ^~~
      |                   sqrt
/root/MetallC64/assets/SDL3/build/CMakeFiles/CMakeScratch/TryCompile-LaRYLi/CheckSymbolExists.c:26:19: note: each undeclared identifier is reported only once for each function it appears in
gmake[2]: *** [CMakeFiles/cmTC_a3fd0.dir/build.make:78: CMakeFiles/cmTC_a3fd0.dir/CheckSymbolExists.c.o] Error 1
gmake[2]: Leaving directory '/root/MetallC64/assets/SDL3/build/CMakeFiles/CMakeScratch/TryCompile-LaRYLi'
gmake[1]: *** [Makefile:127: cmTC_a3fd0/fast] Error 2
gmake[1]: Leaving directory '/root/MetallC64/assets/SDL3/build/CMakeFiles/CMakeScratch/TryCompile-LaRYLi'


File CheckSymbolExists.c:
/* */
#include <float.h>
#include <iconv.h>
#include <inttypes.h>
#include <limits.h>
#include <malloc.h>
#include <math.h>
#include <memory.h>
#include <signal.h>
#include <stdarg.h>
#include <stdbool.h>
#include <stddef.h>
#include <stdint.h>
#include <stdio.h>
#include <stdlib.h>
#include <string.h>
#include <strings.h>
#include <sys/types.h>
#include <time.h>
#include <wchar.h>

int main(int argc, char** argv)
{
  (void)argv;
#ifndef sqr
  return ((int*)(&sqr))[argc];
#else
  (void)argc;
  return 0;
#endif
}
Determining if the strlcat exist failed with the following output:
Change Dir: /root/MetallC64/assets/SDL3/build/CMakeFiles/CMakeScratch/TryCompile-wfUM2A

Run Build Command(s):/usr/bin/gmake -f Makefile cmTC_8a846/fast && gmake[1]: Entering directory '/root/MetallC64/assets/SDL3/build/CMakeFiles/CMakeScratch/TryCompile-wfUM2A'
/usr/bin/gmake  -f CMakeFiles/cmTC_8a846.dir/build.make CMakeFiles/cmTC_8a846.dir/build
gmake[2]: Entering directory '/root/MetallC64/assets/SDL3/build/CMakeFiles/CMakeScratch/TryCompile-wfUM2A'
Building C object CMakeFiles/cmTC_8a846.dir/CheckSymbolExists.c.o
/usr/bin/cc   -D_GNU_SOURCE=1 -o CMakeFiles/cmTC_8a846.dir/CheckSymbolExists.c.o -c /root/MetallC64/assets/SDL3/build/CMakeFiles/CMakeScratch/TryCompile-wfUM2A/CheckSymbolExists.c
/root/MetallC64/assets/SDL3/build/CMakeFiles/CMakeScratch/TryCompile-wfUM2A/CheckSymbolExists.c: In function ‘main’:
/root/MetallC64/assets/SDL3/build/CMakeFiles/CMakeScratch/TryCompile-wfUM2A/CheckSymbolExists.c:26:19: error: ‘strlcat’ undeclared (first use in this function); did you mean ‘strncat’?
   26 |   return ((int*)(&strlcat))[argc];
      |                   ^~~~~~~
      |                   strncat
/root/MetallC64/assets/SDL3/build/CMakeFiles/CMakeScratch/TryCompile-wfUM2A/CheckSymbolExists.c:26:19: note: each undeclared identifier is reported only once for each function it appears in
gmake[2]: *** [CMakeFiles/cmTC_8a846.dir/build.make:78: CMakeFiles/cmTC_8a846.dir/CheckSymbolExists.c.o] Error 1
gmake[2]: Leaving directory '/root/MetallC64/assets/SDL3/build/CMakeFiles/CMakeScratch/TryCompile-wfUM2A'
gmake[1]: *** [Makefile:127: cmTC_8a846/fast] Error 2
gmake[1]: Leaving directory '/root/MetallC64/assets/SDL3/build/CMakeFiles/CMakeScratch/TryCompile-wfUM2A'


File CheckSymbolExists.c:
/* */
#include <float.h>
#include <iconv.h>
#include <inttypes.h>
#include <limits.h>
#include <malloc.h>
#include <math.h>
#include <memory.h>
#include <signal.h>
#include <stdarg.h>
#include <stdbool.h>
#include <stddef.h>
#include <stdint.h>
#include <stdio.h>
#include <stdlib.h>
#include <string.h>
#include <strings.h>
#include <sys/types.h>
#include <time.h>
#include <wchar.h>

int main(int argc, char** argv)
{
  (void)argv;
#ifndef strlcat
  return ((int*)(&strlcat))[argc];
#else
  (void)argc;
  return 0;
#endif
}
Determining if the strlcpy exist failed with the following output:
Change Dir: /root/MetallC64/assets/SDL3/build/CMakeFiles/CMakeScratch/TryCompile-8K11ro

Run Build Command(s):/usr/bin/gmake -f Makefile cmTC_b45d7/fast && gmake[1]: Entering directory '/root/MetallC64/assets/SDL3/build/CMakeFiles/CMakeScratch/TryCompile-8K11ro'
/usr/bin/gmake  -f CMakeFiles/cmTC_b45d7.dir/build.make CMakeFiles/cmTC_b45d7.dir/build
gmake[2]: Entering directory '/root/MetallC64/assets/SDL3/build/CMakeFiles/CMakeScratch/TryCompile-8K11ro'
Building C object CMakeFiles/cmTC_b45d7.dir/CheckSymbolExists.c.o
/usr/bin/cc   -D_GNU_SOURCE=1 -o CMakeFiles/cmTC_b45d7.dir/CheckSymbolExists.c.o -c /root/MetallC64/assets/SDL3/build/CMakeFiles/CMakeScratch/TryCompile-8K11ro/CheckSymbolExists.c
/root/MetallC64/assets/SDL3/build/CMakeFiles/CMakeScratch/TryCompile-8K11ro/CheckSymbolExists.c: In function ‘main’:
/root/MetallC64/assets/SDL3/build/CMakeFiles/CMakeScratch/TryCompile-8K11ro/CheckSymbolExists.c:26:19: error: ‘strlcpy’ undeclared (first use in this function); did you mean ‘strncpy’?
   26 |   return ((int*)(&strlcpy))[argc];
      |                   ^~~~~~~
      |                   strncpy
/root/MetallC64/assets/SDL3/build/CMakeFiles/CMakeScratch/TryCompile-8K11ro/CheckSymbolExists.c:26:19: note: each undeclared identifier is reported only once for each function it appears in
gmake[2]: *** [CMakeFiles/cmTC_b45d7.dir/build.make:78: CMakeFiles/cmTC_b45d7.dir/CheckSymbolExists.c.o] Error 1
gmake[2]: Leaving directory '/root/MetallC64/assets/SDL3/build/CMakeFiles/CMakeScratch/TryCompile-8K11ro'
gmake[1]: *** [Makefile:127: cmTC_b45d7/fast] Error 2
gmake[1]: Leaving directory '/root/MetallC64/assets/SDL3/build/CMakeFiles/CMakeScratch/TryCompile-8K11ro'


File CheckSymbolExists.c:
/* */
#include <float.h>
#include <iconv.h>
#include <inttypes.h>
#include <limits.h>
#include <malloc.h>
#include <math.h>
#include <memory.h>
#include <signal.h>
#include <stdarg.h>
#include <stdbool.h>
#include <stddef.h>
#include <stdint.h>
#include <stdio.h>
#include <stdlib.h>
#include <string.h>
#include <strings.h>
#include <sys/types.h>
#include <time.h>
#include <wchar.h>

int main(int argc, char** argv)
{
  (void)argv;
#ifndef strlcpy
  return ((int*)(&strlcpy))[argc];
#else
  (void)argc;
  return 0;
#endif
}
Determining if the strnstr exist failed with the following output:
Change Dir: /root/MetallC64/assets/SDL3/build/CMakeFiles/CMakeScratch/TryCompile-4FtJcP

Run Build Command(s):/usr/bin/gmake -f Makefile cmTC_5c2ba/fast && gmake[1]: Entering directory '/root/MetallC64/assets/SDL3/build/CMakeFiles/CMakeScratch/TryCompile-4FtJcP'
/usr/bin/gmake  -f CMakeFiles/cmTC_5c2ba.dir/build.make CMakeFiles/cmTC_5c2ba.dir/build
gmake[2]: Entering directory '/root/MetallC64/assets/SDL3/build/CMakeFiles/CMakeScratch/TryCompile-4FtJcP'
Building C object CMakeFiles/cmTC_5c2ba.dir/CheckSymbolExists.c.o
/usr/bin/cc   -D_GNU_SOURCE=1 -o CMakeFiles/cmTC_5c2ba.dir/CheckSymbolExists.c.o -c /root/MetallC64/assets/SDL3/build/CMakeFiles/CMakeScratch/TryCompile-4FtJcP/CheckSymbolExists.c
/root/MetallC64/assets/SDL3/build/CMakeFiles/CMakeScratch/TryCompile-4FtJcP/CheckSymbolExists.c: In function ‘main’:
/root/MetallC64/assets/SDL3/build/CMakeFiles/CMakeScratch/TryCompile-4FtJcP/CheckSymbolExists.c:26:19: error: ‘strnstr’ undeclared (first use in this function); did you mean ‘strstr’?
   26 |   return ((int*)(&strnstr))[argc];
      |                   ^~~~~~~
      |                   strstr
/root/MetallC64/assets/SDL3/build/CMakeFiles/CMakeScratch/TryCompile-4FtJcP/CheckSymbolExists.c:26:19: note: each undeclared identifier is reported only once for each function it appears in
gmake[2]: *** [CMakeFiles/cmTC_5c2ba.dir/build.make:78: CMakeFiles/cmTC_5c2ba.dir/CheckSymbolExists.c.o] Error 1
gmake[2]: Leaving directory '/root/MetallC64/assets/SDL3/build/CMakeFiles/CMakeScratch/TryCompile-4FtJcP'
gmake[1]: *** [Makefile:127: cmTC_5c2ba/fast] Error 2
gmake[1]: Leaving directory '/root/MetallC64/assets/SDL3/build/CMakeFiles/CMakeScratch/TryCompile-4FtJcP'


File CheckSymbolExists.c:
/* */
#include <float.h>
#include <iconv.h>
#include <inttypes.h>
#include <limits.h>
#include <malloc.h>
#include <math.h>
#include <memory.h>
#include <signal.h>
#include <stdarg.h>
#include <stdbool.h>
#include <stddef.h>
#include <stdint.h>
#include <stdio.h>
#include <stdlib.h>
#include <string.h>
#include <strings.h>
#include <sys/types.h>
#include <time.h>
#include <wchar.h>

int main(int argc, char** argv)
{
  (void)argv;
#ifndef strnstr
  return ((int*)(&strnstr))[argc];
#else
  (void)argc;
  return 0;
#endif
}
Determining if the wcslcat exist failed with the following output:
Change Dir: /root/MetallC64/assets/SDL3/build/CMakeFiles/CMakeScratch/TryCompile-yKCGn8

Run Build Command(s):/usr/bin/gmake -f Makefile cmTC_a4090/fast && gmake[1]: Entering directory '/root/MetallC64/assets/SDL3/build/CMakeFiles/CMakeScratch/TryCompile-yKCGn8'
/usr/bin/gmake  -f CMakeFiles/cmTC_a4090.dir/build.make CMakeFiles/cmTC_a4090.dir/build
gmake[2]: Entering directory '/root/MetallC64/assets/SDL3/build/CMakeFiles/CMakeScratch/TryCompile-yKCGn8'
Building C object CMakeFiles/cmTC_a4090.dir/CheckSymbolExists.c.o
/usr/bin/cc   -D_GNU_SOURCE=1 -o CMakeFiles/cmTC_a4090.dir/CheckSymbolExists.c.o -c /root/MetallC64/assets/SDL3/build/CMakeFiles/CMakeScratch/TryCompile-yKCGn8/CheckSymbolExists.c
/root/MetallC64/assets/SDL3/build/CMakeFiles/CMakeScratch/TryCompile-yKCGn8/CheckSymbolExists.c: In function ‘main’:
/root/MetallC64/assets/SDL3/build/CMakeFiles/CMakeScratch/TryCompile-yKCGn8/CheckSymbolExists.c:26:19: error: ‘wcslcat’ undeclared (first use in this function); did you mean ‘wcsncat’?
   26 |   return ((int*)(&wcslcat))[argc];
      |                   ^~~~~~~
      |                   wcsncat
/root/MetallC64/assets/SDL3/build/CMakeFiles/CMakeScratch/TryCompile-yKCGn8/CheckSymbolExists.c:26:19: note: each undeclared identifier is reported only once for each function it appears in
gmake[2]: *** [CMakeFiles/cmTC_a4090.dir/build.make:78: CMakeFiles/cmTC_a4090.dir/CheckSymbolExists.c.o] Error 1
gmake[2]: Leaving directory '/root/MetallC64/assets/SDL3/build/CMakeFiles/CMakeScratch/TryCompile-yKCGn8'
gmake[1]: *** [Makefile:127: cmTC_a4090/fast] Error 2
gmake[1]: Leaving directory '/root/MetallC64/assets/SDL3/build/CMakeFiles/CMakeScratch/TryCompile-yKCGn8'


File CheckSymbolExists.c:
/* */
#include <float.h>
#include <iconv.h>
#include <inttypes.h>
#include <limits.h>
#include <malloc.h>
#include <math.h>
#include <memory.h>
#include <signal.h>
#include <stdarg.h>
#include <stdbool.h>
#include <stddef.h>
#include <stdint.h>
#include <stdio.h>
#include <stdlib.h>
#include <string.h>
#include <strings.h>
#include <sys/types.h>
#include <time.h>
#include <wchar.h>

int main(int argc, char** argv)
{
  (void)argv;
#ifndef wcslcat
  return ((int*)(&wcslcat))[argc];
#else
  (void)argc;
  return 0;
#endif
}
Determining if the wcslcpy exist failed with the following output:
Change Dir: /root/MetallC64/assets/SDL3/build/CMakeFiles/CMakeScratch/TryCompile-lID8qD

Run Build Command(s):/usr/bin/gmake -f Makefile cmTC_b2b03/fast && gmake[1]: Entering directory '/root/MetallC64/assets/SDL3/build/CMakeFiles/CMakeScratch/TryCompile-lID8qD'
/usr/bin/gmake  -f CMakeFiles/cmTC_b2b03.dir/build.make CMakeFiles/cmTC_b2b03.dir/build
gmake[2]: Entering directory '/root/MetallC64/assets/SDL3/build/CMakeFiles/CMakeScratch/TryCompile-lID8qD'
Building C object CMakeFiles/cmTC_b2b03.dir/CheckSymbolExists.c.o
/usr/bin/cc   -D_GNU_SOURCE=1 -o CMakeFiles/cmTC_b2b03.dir/CheckSymbolExists.c.o -c /root/MetallC64/assets/SDL3/build/CMakeFiles/CMakeScratch/TryCompile-lID8qD/CheckSymbolExists.c
/root/MetallC64/assets/SDL3/build/CMakeFiles/CMakeScratch/TryCompile-lID8qD/CheckSymbolExists.c: In function ‘main’:
/root/MetallC64/assets/SDL3/build/CMakeFiles/CMakeScratch/TryCompile-lID8qD/CheckSymbolExists.c:26:19: error: ‘wcslcpy’ undeclared (first use in this function); did you mean ‘wcsncpy’?
   26 |   return ((int*)(&wcslcpy))[argc];
      |                   ^~~~~~~
      |                   wcsncpy
/root/MetallC64/assets/SDL3/build/CMakeFiles/CMakeScratch/TryCompile-lID8qD/CheckSymbolExists.c:26:19: note: each undeclared identifier is reported only once for each function it appears in
gmake[2]: *** [CMakeFiles/cmTC_b2b03.dir/build.make:78: CMakeFiles/cmTC_b2b03.dir/CheckSymbolExists.c.o] Error 1
gmake[2]: Leaving directory '/root/MetallC64/assets/SDL3/build/CMakeFiles/CMakeScratch/TryCompile-lID8qD'
gmake[1]: *** [Makefile:127: cmTC_b2b03/fast] Error 2
gmake[1]: Leaving directory '/root/MetallC64/assets/SDL3/build/CMakeFiles/CMakeScratch/TryCompile-lID8qD'


File CheckSymbolExists.c:
/* */
#include <float.h>
#include <iconv.h>
#include <inttypes.h>
#include <limits.h>
#include <malloc.h>
#include <math.h>
#include <memory.h>
#include <signal.h>
#include <stdarg.h>
#include <stdbool.h>
#include <stddef.h>
#include <stdint.h>
#include <stdio.h>
#include <stdlib.h>
#include <string.h>
#include <strings.h>
#include <sys/types.h>
#include <time.h>
#include <wchar.h>

int main(int argc, char** argv)
{
  (void)argv;
#ifndef wcslcpy
  return ((int*)(&wcslcpy))[argc];
#else
  (void)argc;
  return 0;
#endif
}
Determining if the sysctlbyname exist failed with the following output:
Change Dir: /root/MetallC64/assets/SDL3/build/CMakeFiles/CMakeScratch/TryCompile-pdd31q

Run Build Command(s):/usr/bin/gmake -f Makefile cmTC_2e311/fast && gmake[1]: Entering directory '/root/MetallC64/assets/SDL3/build/CMakeFiles/CMakeScratch/TryCompile-pdd31q'
/usr/bin/gmake  -f CMakeFiles/cmTC_2e311.dir/build.make CMakeFiles/cmTC_2e311.dir/build
gmake[2]: Entering directory '/root/MetallC64/assets/SDL3/build/CMakeFiles/CMakeScratch/TryCompile-pdd31q'
Building C object CMakeFiles/cmTC_2e311.dir/CheckSymbolExists.c.o
/usr/bin/cc   -D_GNU_SOURCE=1 -o CMakeFiles/cmTC_2e311.dir/CheckSymbolExists.c.o -c /root/MetallC64/assets/SDL3/build/CMakeFiles/CMakeScratch/TryCompile-pdd31q/CheckSymbolExists.c
/root/MetallC64/assets/SDL3/build/CMakeFiles/CMakeScratch/TryCompile-pdd31q/CheckSymbolExists.c:3:10: fatal error: sys/sysctl.h: No such file or directory
    3 | #include <sys/sysctl.h>
      |          ^~~~~~~~~~~~~~
compilation terminated.
gmake[2]: *** [CMakeFiles/cmTC_2e311.dir/build.make:78: CMakeFiles/cmTC_2e311.dir/CheckSymbolExists.c.o] Error 1
gmake[2]: Leaving directory '/root/MetallC64/assets/SDL3/build/CMakeFiles/CMakeScratch/TryCompile-pdd31q'
gmake[1]: *** [Makefile:127: cmTC_2e311/fast] Error 2
gmake[1]: Leaving directory '/root/MetallC64/assets/SDL3/build/CMakeFiles/CMakeScratch/TryCompile-pdd31q'


File CheckSymbolExists.c:
/* */
#include <sys/types.h>
#include <sys/sysctl.h>

int main(int argc, char** argv)
{
  (void)argv;
#ifndef sysctlbyname
  return ((int*)(&sysctlbyname))[argc];
#else
  (void)argc;
  return 0;
#endif
}
Determining if the elf_aux_info exist failed with the following output:
Change Dir: /root/MetallC64/assets/SDL3/build/CMakeFiles/CMakeScratch/TryCompile-Z4tcn7

Run Build Command(s):/usr/bin/gmake -f Makefile cmTC_0d86a/fast && gmake[1]: Entering directory '/root/MetallC64/assets/SDL3/build/CMakeFiles/CMakeScratch/TryCompile-Z4tcn7'
/usr/bin/gmake  -f CMakeFiles/cmTC_0d86a.dir/build.make CMakeFiles/cmTC_0d86a.dir/build
gmake[2]: Entering directory '/root/MetallC64/assets/SDL3/build/CMakeFiles/CMakeScratch/TryCompile-Z4tcn7'
Building C object CMakeFiles/cmTC_0d86a.dir/CheckSymbolExists.c.o
/usr/bin/cc   -D_GNU_SOURCE=1 -o CMakeFiles/cmTC_0d86a.dir/CheckSymbolExists.c.o -c /root/MetallC64/assets/SDL3/build/CMakeFiles/CMakeScratch/TryCompile-Z4tcn7/CheckSymbolExists.c
/root/MetallC64/assets/SDL3/build/CMakeFiles/CMakeScratch/TryCompile-Z4tcn7/CheckSymbolExists.c: In function ‘main’:
/root/MetallC64/assets/SDL3/build/CMakeFiles/CMakeScratch/TryCompile-Z4tcn7/CheckSymbolExists.c:8:19: error: ‘elf_aux_info’ undeclared (first use in this function)
    8 |   return ((int*)(&elf_aux_info))[argc];
      |                   ^~~~~~~~~~~~
/root/MetallC64/assets/SDL3/build/CMakeFiles/CMakeScratch/TryCompile-Z4tcn7/CheckSymbolExists.c:8:19: note: each undeclared identifier is reported only once for each function it appears in
gmake[2]: *** [CMakeFiles/cmTC_0d86a.dir/build.make:78: CMakeFiles/cmTC_0d86a.dir/CheckSymbolExists.c.o] Error 1
gmake[2]: Leaving directory '/root/MetallC64/assets/SDL3/build/CMakeFiles/CMakeScratch/TryCompile-Z4tcn7'
gmake[1]: *** [Makefile:127: cmTC_0d86a/fast] Error 2
gmake[1]: Leaving directory '/root/MetallC64/assets/SDL3/build/CMakeFiles/CMakeScratch/TryCompile-Z4tcn7'


File CheckSymbolExists.c:
/* */
#include <sys/auxv.h>

int main(int argc, char** argv)
{
  (void)argv;
#ifndef elf_aux_info
  return ((int*)(&elf_aux_info))[argc];
#else
  (void)argc;
  return 0;
#endif
}
Performing C SOURCE FILE Test ICONV_IN_LIBICONV failed with the following output:
Change Dir: /root/MetallC64/assets/SDL3/build/CMakeFiles/CMakeScratch/TryCompile-WNqGqq

Run Build Command(s):/usr/bin/gmake -f Makefile cmTC_9580f/fast && gmake[1]: Entering directory '/root/MetallC64/assets/SDL3/build/CMakeFiles/CMakeScratch/TryCompile-WNqGqq'
/usr/bin/gmake  -f CMakeFiles/cmTC_9580f.dir/build.make CMakeFiles/cmTC_9580f.dir/build
gmake[2]: Entering directory '/root/MetallC64/assets/SDL3/build/CMakeFiles/CMakeScratch/TryCompile-WNqGqq'
Building C object CMakeFiles/cmTC_9580f.dir/src.c.o
/usr/bin/cc -DICONV_IN_LIBICONV  -D_GNU_SOURCE=1 -o CMakeFiles/cmTC_9580f.dir/src.c.o -c /root/MetallC64/assets/SDL3/build/CMakeFiles/CMakeScratch/TryCompile-WNqGqq/src.c
Linking C executable cmTC_9580f
/usr/bin/cmake -E cmake_link_script CMakeFiles/cmTC_9580f.dir/link.txt --verbose=1
/usr/bin/cc   -D_GNU_SOURCE=1 CMakeFiles/cmTC_9580f.dir/src.c.o -o cmTC_9580f  -liconv 
/usr/bin/ld: cannot find -liconv: No such file or directory
collect2: error: ld returned 1 exit status
gmake[2]: *** [CMakeFiles/cmTC_9580f.dir/build.make:99: cmTC_9580f] Error 1
gmake[2]: Leaving directory '/root/MetallC64/assets/SDL3/build/CMakeFiles/CMakeScratch/TryCompile-WNqGqq'
gmake[1]: *** [Makefile:127: cmTC_9580f/fast] Error 2
gmake[1]: Leaving directory '/root/MetallC64/assets/SDL3/build/CMakeFiles/CMakeScratch/TryCompile-WNqGqq'


Source file was:

        #include <stddef.h>
        #include <iconv.h>
        int main(int argc, char **argv) {
            return !iconv_open(NULL,NULL);
        }

Performing C SOURCE FILE Test LIBC_HAS_WORKING_LIBUNWIND failed with the following output:
Change Dir: /root/MetallC64/assets/SDL3/build/CMakeFiles/CMakeScratch/TryCompile-E8fSiU

Run Build Command(s):/usr/bin/gmake -f Makefile cmTC_6eb6c/fast && gmake[1]: Entering directory '/root/MetallC64/assets/SDL3/build/CMakeFiles/CMakeScratch/TryCompile-E8fSiU'
/usr/bin/gmake  -f CMakeFiles/cmTC_6eb6c.dir/build.make CMakeFiles/cmTC_6eb6c.dir/build
gmake[2]: Entering directory '/root/MetallC64/assets/SDL3/build/CMakeFiles/CMakeScratch/TryCompile-E8fSiU'
Building C object CMakeFiles/cmTC_6eb6c.dir/src.c.o
/usr/bin/cc -DLIBC_HAS_WORKING_LIBUNWIND  -D_GNU_SOURCE=1 -o CMakeFiles/cmTC_6eb6c.dir/src.c.o -c /root/MetallC64/assets/SDL3/build/CMakeFiles/CMakeScratch/TryCompile-E8fSiU/src.c
/root/MetallC64/assets/SDL3/build/CMakeFiles/CMakeScratch/TryCompile-E8fSiU/src.c:1:16: fatal error: libunwind.h: No such file or directory
    1 |       #include <libunwind.h>
      |                ^~~~~~~~~~~~~
compilation terminated.
gmake[2]: *** [CMakeFiles/cmTC_6eb6c.dir/build.make:78: CMakeFiles/cmTC_6eb6c.dir/src.c.o] Error 1
gmake[2]: Leaving directory '/root/MetallC64/assets/SDL3/build/CMakeFiles/CMakeScratch/TryCompile-E8fSiU'
gmake[1]: *** [Makefile:127: cmTC_6eb6c/fast] Error 2
gmake[1]: Leaving directory '/root/MetallC64/assets/SDL3/build/CMakeFiles/CMakeScratch/TryCompile-E8fSiU'


Source file was:
      #include <libunwind.h>
      int main(int argc, char *argv[]) {
        (void)argc; (void)argv;
        unw_context_t context;
        unw_cursor_t cursor;
        unw_word_t pc;
        char sym[256];
        unw_word_t offset;
        unw_getcontext(&context);
        unw_step(&cursor);
        unw_get_reg(&cursor, UNW_REG_IP, &pc);
        unw_get_proc_name(&cursor, sym, sizeof(sym), &offset);
        return 0;
      }

Performing C SOURCE FILE Test LIBUNWIND_HAS_WORKINGLIBUNWIND failed with the following output:
Change Dir: /root/MetallC64/assets/SDL3/build/CMakeFiles/CMakeScratch/TryCompile-kbJmwD

Run Build Command(s):/usr/bin/gmake -f Makefile cmTC_ec793/fast && gmake[1]: Entering directory '/root/MetallC64/assets/SDL3/build/CMakeFiles/CMakeScratch/TryCompile-kbJmwD'
/usr/bin/gmake  -f CMakeFiles/cmTC_ec793.dir/build.make CMakeFiles/cmTC_ec793.dir/build
gmake[2]: Entering directory '/root/MetallC64/assets/SDL3/build/CMakeFiles/CMakeScratch/TryCompile-kbJmwD'
Building C object CMakeFiles/cmTC_ec793.dir/src.c.o
/usr/bin/cc -DLIBUNWIND_HAS_WORKINGLIBUNWIND  -D_GNU_SOURCE=1 -o CMakeFiles/cmTC_ec793.dir/src.c.o -c /root/MetallC64/assets/SDL3/build/CMakeFiles/CMakeScratch/TryCompile-kbJmwD/src.c
/root/MetallC64/assets/SDL3/build/CMakeFiles/CMakeScratch/TryCompile-kbJmwD/src.c:1:16: fatal error: libunwind.h: No such file or directory
    1 |       #include <libunwind.h>
      |                ^~~~~~~~~~~~~
compilation terminated.
gmake[2]: *** [CMakeFiles/cmTC_ec793.dir/build.make:78: CMakeFiles/cmTC_ec793.dir/src.c.o] Error 1
gmake[2]: Leaving directory '/root/MetallC64/assets/SDL3/build/CMakeFiles/CMakeScratch/TryCompile-kbJmwD'
gmake[1]: *** [Makefile:127: cmTC_ec793/fast] Error 2
gmake[1]: Leaving directory '/root/MetallC64/assets/SDL3/build/CMakeFiles/CMakeScratch/TryCompile-kbJmwD'


Source file was:
      #include <libunwind.h>
      int main(int argc, char *argv[]) {
        (void)argc; (void)argv;
        unw_context_t context;
        unw_cursor_t cursor;
        unw_word_t pc;
        char sym[256];
        unw_word_t offset;
        unw_getcontext(&context);
        unw_step(&cursor);
        unw_get_reg(&cursor, UNW_REG_IP, &pc);
        unw_get_proc_name(&cursor, sym, sizeof(sym), &offset);
        return 0;
      }

Determining if the include file pthread_np.h exists failed with the following output:
Change Dir: /root/MetallC64/assets/SDL3/build/CMakeFiles/CMakeScratch/TryCompile-sk14bP

Run Build Command(s):/usr/bin/gmake -f Makefile cmTC_e32f1/fast && gmake[1]: Entering directory '/root/MetallC64/assets/SDL3/build/CMakeFiles/CMakeScratch/TryCompile-sk14bP'
/usr/bin/gmake  -f CMakeFiles/cmTC_e32f1.dir/build.make CMakeFiles/cmTC_e32f1.dir/build
gmake[2]: Entering directory '/root/MetallC64/assets/SDL3/build/CMakeFiles/CMakeScratch/TryCompile-sk14bP'
Building C object CMakeFiles/cmTC_e32f1.dir/CheckIncludeFile.c.o
/usr/bin/cc   -D_GNU_SOURCE=1 -D_REENTRANT -pthread -o CMakeFiles/cmTC_e32f1.dir/CheckIncludeFile.c.o -c /root/MetallC64/assets/SDL3/build/CMakeFiles/CMakeScratch/TryCompile-sk14bP/CheckIncludeFile.c
/root/MetallC64/assets/SDL3/build/CMakeFiles/CMakeScratch/TryCompile-sk14bP/CheckIncludeFile.c:1:10: fatal error: pthread_np.h: No such file or directory
    1 | #include <pthread_np.h>
      |          ^~~~~~~~~~~~~~
compilation terminated.
gmake[2]: *** [CMakeFiles/cmTC_e32f1.dir/build.make:78: CMakeFiles/cmTC_e32f1.dir/CheckIncludeFile.c.o] Error 1
gmake[2]: Leaving directory '/root/MetallC64/assets/SDL3/build/CMakeFiles/CMakeScratch/TryCompile-sk14bP'
gmake[1]: *** [Makefile:127: cmTC_e32f1/fast] Error 2
gmake[1]: Leaving directory '/root/MetallC64/assets/SDL3/build/CMakeFiles/CMakeScratch/TryCompile-sk14bP'



